BEGIN("Game Over (003/019) Star Voyage - M. Ogihara")
INIT(02,00)
WRITE(4015,0F)
WRITE(4017,C0)
WRITE(4010,00)
PLAY(0)
WRITE(4000,BF)
WRITE(4001,08)
WRITE(4000,BF)
WRITE(4002,2F)
WRITE(4003,01)
WRITE(4004,BF)
WRITE(4005,08)
WRITE(4004,BF)
WRITE(4006,3A)
WRITE(4007,04)
WRITE(4008,BF)
WRITE(4008,BF)
WRITE(400A,B4)
WRITE(400B,00)
PLAY(1)
PLAY(2)
PLAY(3)
PLAY(4)
PLAY(5)
PLAY(6)
PLAY(7)
PLAY(8)
WRITE(4004,BF)
WRITE(4006,8E)
WRITE(4007,03)
PLAY(9)
PLAY(10)
PLAY(11)
PLAY(12)
PLAY(13)
PLAY(14)
PLAY(15)
PLAY(16)
WRITE(4004,BF)
WRITE(4006,D1)
WRITE(4007,02)
PLAY(17)
PLAY(18)
PLAY(19)
PLAY(20)
PLAY(21)
PLAY(22)
PLAY(23)
PLAY(24)
WRITE(4004,BF)
WRITE(4006,5F)
WRITE(4007,02)
PLAY(25)
PLAY(26)
PLAY(27)
PLAY(28)
PLAY(29)
PLAY(30)
PLAY(31)
PLAY(32)
WRITE(4004,BF)
WRITE(4006,D1)
WRITE(4007,02)
PLAY(33)
PLAY(34)
PLAY(35)
PLAY(36)
PLAY(37)
PLAY(38)
PLAY(39)
PLAY(40)
WRITE(4004,BF)
WRITE(4006,8E)
WRITE(4007,03)
PLAY(41)
PLAY(42)
PLAY(43)
PLAY(44)
PLAY(45)
PLAY(46)
PLAY(47)
PLAY(48)
WRITE(4000,BF)
WRITE(4002,2F)
WRITE(4004,BF)
WRITE(4006,3A)
WRITE(4007,04)
WRITE(4008,BF)
WRITE(400A,B4)
PLAY(49)
PLAY(50)
PLAY(51)
PLAY(52)
PLAY(53)
PLAY(54)
PLAY(55)
PLAY(56)
WRITE(4004,BF)
WRITE(4006,8E)
WRITE(4007,03)
PLAY(57)
PLAY(58)
PLAY(59)
PLAY(60)
WRITE(4000,BF)
WRITE(4002,41)
WRITE(4003,01)
WRITE(4008,BF)
WRITE(400A,CA)
WRITE(400B,00)
PLAY(61)
PLAY(62)
PLAY(63)
PLAY(64)
WRITE(4004,BF)
WRITE(4006,D1)
WRITE(4007,02)
PLAY(65)
PLAY(66)
PLAY(67)
PLAY(68)
PLAY(69)
PLAY(70)
PLAY(71)
PLAY(72)
WRITE(4000,BF)
WRITE(4002,0E)
WRITE(4003,01)
WRITE(4004,BF)
WRITE(4006,5F)
WRITE(4007,02)
WRITE(4008,BF)
WRITE(400A,A0)
WRITE(400B,00)
PLAY(73)
PLAY(74)
PLAY(75)
PLAY(76)
PLAY(77)
PLAY(78)
PLAY(79)
PLAY(80)
WRITE(4004,BF)
WRITE(4006,D1)
WRITE(4007,02)
PLAY(81)
PLAY(82)
PLAY(83)
PLAY(84)
WRITE(4000,BF)
WRITE(4002,2F)
WRITE(4003,01)
WRITE(4008,BF)
WRITE(400A,B4)
WRITE(400B,00)
PLAY(85)
PLAY(86)
PLAY(87)
PLAY(88)
WRITE(4004,BF)
WRITE(4006,8E)
WRITE(4007,03)
PLAY(89)
PLAY(90)
PLAY(91)
PLAY(92)
PLAY(93)
PLAY(94)
PLAY(95)
PLAY(96)
WRITE(4000,BF)
WRITE(4002,FF)
WRITE(4003,00)
WRITE(4004,BF)
WRITE(4006,8E)
WRITE(4008,BF)
WRITE(400A,97)
WRITE(400B,00)
PLAY(97)
PLAY(98)
PLAY(99)
PLAY(100)
PLAY(101)
PLAY(102)
PLAY(103)
PLAY(104)
WRITE(4004,BF)
WRITE(4006,FC)
WRITE(4007,02)
PLAY(105)
PLAY(106)
PLAY(107)
PLAY(108)
PLAY(109)
PLAY(110)
PLAY(111)
PLAY(112)
WRITE(4004,BF)
WRITE(4006,5F)
WRITE(4007,02)
PLAY(113)
PLAY(114)
PLAY(115)
PLAY(116)
PLAY(117)
PLAY(118)
PLAY(119)
PLAY(120)
WRITE(4004,BF)
WRITE(4006,FE)
WRITE(4007,01)
PLAY(121)
PLAY(122)
PLAY(123)
PLAY(124)
PLAY(125)
PLAY(126)
PLAY(127)
PLAY(128)
WRITE(4004,BF)
WRITE(4006,5F)
WRITE(4007,02)
PLAY(129)
PLAY(130)
PLAY(131)
PLAY(132)
PLAY(133)
PLAY(134)
PLAY(135)
PLAY(136)
WRITE(4004,BF)
WRITE(4006,FC)
WRITE(4007,02)
PLAY(137)
PLAY(138)
PLAY(139)
PLAY(140)
PLAY(141)
PLAY(142)
PLAY(143)
PLAY(144)
WRITE(4000,BF)
WRITE(4002,FF)
WRITE(4004,BF)
WRITE(4006,8E)
WRITE(4007,03)
WRITE(4008,BF)
WRITE(400A,97)
PLAY(145)
PLAY(146)
PLAY(147)
PLAY(148)
PLAY(149)
PLAY(150)
PLAY(151)
PLAY(152)
WRITE(4004,BF)
WRITE(4006,FC)
WRITE(4007,02)
PLAY(153)
PLAY(154)
PLAY(155)
PLAY(156)
WRITE(4000,BF)
WRITE(4002,0E)
WRITE(4003,01)
WRITE(4008,BF)
WRITE(400A,AA)
WRITE(400B,00)
PLAY(157)
PLAY(158)
PLAY(159)
PLAY(160)
WRITE(4004,BF)
WRITE(4006,5F)
WRITE(4007,02)
PLAY(161)
PLAY(162)
PLAY(163)
PLAY(164)
PLAY(165)
PLAY(166)
PLAY(167)
PLAY(168)
WRITE(4000,BF)
WRITE(4002,E3)
WRITE(4003,00)
WRITE(4004,BF)
WRITE(4006,FE)
WRITE(4007,01)
WRITE(4008,BF)
WRITE(400A,87)
WRITE(400B,00)
PLAY(169)
PLAY(170)
PLAY(171)
PLAY(172)
PLAY(173)
PLAY(174)
PLAY(175)
PLAY(176)
WRITE(4004,BF)
WRITE(4006,5F)
WRITE(4007,02)
PLAY(177)
PLAY(178)
PLAY(179)
PLAY(180)
WRITE(4000,BF)
WRITE(4002,FF)
WRITE(4003,00)
WRITE(4008,BF)
WRITE(400A,97)
WRITE(400B,00)
PLAY(181)
PLAY(182)
PLAY(183)
PLAY(184)
WRITE(4004,BF)
WRITE(4006,FC)
WRITE(4007,02)
PLAY(185)
PLAY(186)
PLAY(187)
PLAY(188)
PLAY(189)
PLAY(190)
PLAY(191)
PLAY(192)
WRITE(4000,BF)
WRITE(4002,D6)
WRITE(4003,00)
WRITE(4004,BF)
WRITE(4006,FC)
WRITE(4008,BF)
WRITE(400A,7F)
WRITE(400B,00)
PLAY(193)
PLAY(194)
PLAY(195)
PLAY(196)
PLAY(197)
PLAY(198)
PLAY(199)
PLAY(200)
WRITE(4004,BF)
WRITE(4006,83)
WRITE(4007,02)
PLAY(201)
PLAY(202)
PLAY(203)
PLAY(204)
PLAY(205)
PLAY(206)
PLAY(207)
PLAY(208)
WRITE(4004,BF)
WRITE(4006,FE)
WRITE(4007,01)
PLAY(209)
PLAY(210)
PLAY(211)
PLAY(212)
PLAY(213)
PLAY(214)
PLAY(215)
PLAY(216)
WRITE(4004,BF)
WRITE(4006,AC)
WRITE(4007,01)
PLAY(217)
PLAY(218)
PLAY(219)
PLAY(220)
PLAY(221)
PLAY(222)
PLAY(223)
PLAY(224)
WRITE(4004,BF)
WRITE(4006,FE)
WRITE(4007,01)
PLAY(225)
PLAY(226)
PLAY(227)
PLAY(228)
PLAY(229)
PLAY(230)
PLAY(231)
PLAY(232)
WRITE(4004,BF)
WRITE(4006,83)
WRITE(4007,02)
PLAY(233)
PLAY(234)
PLAY(235)
PLAY(236)
PLAY(237)
PLAY(238)
PLAY(239)
PLAY(240)
WRITE(4000,BF)
WRITE(4002,D6)
WRITE(4004,BF)
WRITE(4006,FC)
WRITE(4007,02)
WRITE(4008,BF)
WRITE(400A,7F)
PLAY(241)
PLAY(242)
PLAY(243)
PLAY(244)
PLAY(245)
PLAY(246)
PLAY(247)
PLAY(248)
WRITE(4004,BF)
WRITE(4006,83)
WRITE(4007,02)
PLAY(249)
PLAY(250)
PLAY(251)
PLAY(252)
WRITE(4000,BF)
WRITE(4002,E3)
WRITE(4003,00)
WRITE(4008,BF)
WRITE(400A,8F)
WRITE(400B,00)
PLAY(253)
PLAY(254)
PLAY(255)
PLAY(256)
WRITE(4004,BF)
WRITE(4006,FE)
WRITE(4007,01)
PLAY(257)
PLAY(258)
WRITE(4000,BF)
WRITE(4002,FF)
WRITE(4003,00)
WRITE(4008,BF)
WRITE(400A,A0)
WRITE(400B,00)
PLAY(259)
PLAY(260)
PLAY(261)
PLAY(262)
PLAY(263)
PLAY(264)
WRITE(4000,BF)
WRITE(4002,D6)
WRITE(4003,00)
WRITE(4004,BF)
WRITE(4006,AC)
WRITE(4007,01)
WRITE(4008,BF)
WRITE(400A,7F)
WRITE(400B,00)
PLAY(265)
PLAY(266)
PLAY(267)
PLAY(268)
PLAY(269)
PLAY(270)
WRITE(4000,BF)
WRITE(4002,E3)
WRITE(4003,00)
WRITE(4008,BF)
WRITE(400A,8F)
WRITE(400B,00)
PLAY(271)
PLAY(272)
WRITE(4004,BF)
WRITE(4006,FE)
WRITE(4007,01)
PLAY(273)
PLAY(274)
PLAY(275)
PLAY(276)
WRITE(4000,BF)
WRITE(4002,BF)
WRITE(4003,00)
WRITE(4008,BF)
WRITE(400A,71)
WRITE(400B,00)
PLAY(277)
PLAY(278)
PLAY(279)
PLAY(280)
WRITE(4004,BF)
WRITE(4006,83)
WRITE(4007,02)
PLAY(281)
PLAY(282)
WRITE(4000,BF)
WRITE(4002,D6)
WRITE(4003,00)
WRITE(4008,BF)
WRITE(400A,7F)
WRITE(400B,00)
PLAY(283)
PLAY(284)
PLAY(285)
PLAY(286)
PLAY(287)
PLAY(288)
WRITE(4000,BF)
WRITE(4002,B4)
WRITE(4003,00)
WRITE(4004,BF)
WRITE(4006,83)
WRITE(4008,BF)
WRITE(400A,6B)
WRITE(400B,00)
PLAY(289)
PLAY(290)
PLAY(291)
PLAY(292)
PLAY(293)
PLAY(294)
PLAY(295)
PLAY(296)
WRITE(4004,BF)
WRITE(4006,1D)
WRITE(4007,02)
PLAY(297)
PLAY(298)
PLAY(299)
PLAY(300)
PLAY(301)
PLAY(302)
PLAY(303)
PLAY(304)
WRITE(4004,BF)
WRITE(4006,AC)
WRITE(4007,01)
PLAY(305)
PLAY(306)
PLAY(307)
PLAY(308)
PLAY(309)
PLAY(310)
PLAY(311)
PLAY(312)
WRITE(4004,BF)
WRITE(4006,68)
WRITE(4007,01)
PLAY(313)
PLAY(314)
PLAY(315)
PLAY(316)
PLAY(317)
PLAY(318)
PLAY(319)
PLAY(320)
WRITE(4004,BF)
WRITE(4006,AC)
WRITE(4007,01)
PLAY(321)
PLAY(322)
PLAY(323)
PLAY(324)
PLAY(325)
PLAY(326)
PLAY(327)
PLAY(328)
WRITE(4004,BF)
WRITE(4006,1D)
WRITE(4007,02)
PLAY(329)
PLAY(330)
PLAY(331)
PLAY(332)
PLAY(333)
PLAY(334)
PLAY(335)
PLAY(336)
WRITE(4000,BF)
WRITE(4002,B4)
WRITE(4004,BF)
WRITE(4006,83)
WRITE(4007,02)
WRITE(4008,BF)
WRITE(400A,6B)
PLAY(337)
PLAY(338)
PLAY(339)
PLAY(340)
PLAY(341)
PLAY(342)
PLAY(343)
PLAY(344)
WRITE(4004,BF)
WRITE(4006,1D)
WRITE(4007,02)
PLAY(345)
PLAY(346)
PLAY(347)
PLAY(348)
PLAY(349)
PLAY(350)
PLAY(351)
PLAY(352)
WRITE(4004,BF)
WRITE(4006,AC)
WRITE(4007,01)
PLAY(353)
PLAY(354)
PLAY(355)
PLAY(356)
PLAY(357)
PLAY(358)
PLAY(359)
PLAY(360)
WRITE(4000,BF)
WRITE(4002,D6)
WRITE(4003,00)
WRITE(4004,BF)
WRITE(4006,68)
WRITE(4007,01)
WRITE(4008,BF)
WRITE(400A,87)
WRITE(400B,00)
PLAY(361)
PLAY(362)
PLAY(363)
PLAY(364)
PLAY(365)
PLAY(366)
PLAY(367)
PLAY(368)
WRITE(4004,BF)
WRITE(4006,AC)
WRITE(4007,01)
PLAY(369)
PLAY(370)
PLAY(371)
PLAY(372)
WRITE(4000,BF)
WRITE(4002,BF)
WRITE(4003,00)
WRITE(4008,BF)
WRITE(400A,78)
WRITE(400B,00)
PLAY(373)
PLAY(374)
PLAY(375)
PLAY(376)
WRITE(4004,BF)
WRITE(4006,1D)
WRITE(4007,02)
PLAY(377)
PLAY(378)
PLAY(379)
PLAY(380)
PLAY(381)
PLAY(382)
PLAY(383)
PLAY(384)
WRITE(4000,BF)
WRITE(4002,B4)
WRITE(4003,00)
WRITE(4004,BF)
WRITE(4006,29)
WRITE(4007,03)
WRITE(4008,BF)
WRITE(400A,6B)
WRITE(400B,00)
PLAY(385)
PLAY(386)
PLAY(387)
PLAY(388)
PLAY(389)
PLAY(390)
PLAY(391)
PLAY(392)
WRITE(4004,BF)
WRITE(4006,83)
WRITE(4007,02)
PLAY(393)
PLAY(394)
PLAY(395)
PLAY(396)
PLAY(397)
PLAY(398)
PLAY(399)
PLAY(400)
WRITE(4004,BF)
WRITE(4006,1D)
WRITE(4007,02)
PLAY(401)
PLAY(402)
PLAY(403)
PLAY(404)
PLAY(405)
PLAY(406)
PLAY(407)
PLAY(408)
WRITE(4004,BF)
WRITE(4006,94)
WRITE(4007,01)
PLAY(409)
PLAY(410)
PLAY(411)
PLAY(412)
PLAY(413)
PLAY(414)
PLAY(415)
PLAY(416)
WRITE(4004,BF)
WRITE(4006,1D)
WRITE(4007,02)
PLAY(417)
PLAY(418)
PLAY(419)
PLAY(420)
PLAY(421)
PLAY(422)
PLAY(423)
PLAY(424)
WRITE(4004,BF)
WRITE(4006,83)
WRITE(4007,02)
PLAY(425)
PLAY(426)
PLAY(427)
PLAY(428)
PLAY(429)
PLAY(430)
PLAY(431)
PLAY(432)
WRITE(4000,BF)
WRITE(4002,B4)
WRITE(4004,BF)
WRITE(4006,29)
WRITE(4007,03)
WRITE(4008,BF)
WRITE(400A,6B)
PLAY(433)
PLAY(434)
PLAY(435)
PLAY(436)
PLAY(437)
PLAY(438)
PLAY(439)
PLAY(440)
WRITE(4004,BF)
WRITE(4006,83)
WRITE(4007,02)
PLAY(441)
PLAY(442)
PLAY(443)
PLAY(444)
WRITE(4000,BF)
WRITE(4002,CA)
WRITE(4003,00)
WRITE(4008,BF)
WRITE(400A,78)
WRITE(400B,00)
PLAY(445)
PLAY(446)
PLAY(447)
PLAY(448)
WRITE(4004,BF)
WRITE(4006,1D)
WRITE(4007,02)
PLAY(449)
PLAY(450)
PLAY(451)
PLAY(452)
PLAY(453)
PLAY(454)
PLAY(455)
PLAY(456)
WRITE(4000,BF)
WRITE(4002,0E)
WRITE(4003,01)
WRITE(4004,BF)
WRITE(4006,94)
WRITE(4007,01)
WRITE(4008,BF)
WRITE(400A,A0)
WRITE(400B,00)
PLAY(457)
PLAY(458)
PLAY(459)
PLAY(460)
PLAY(461)
PLAY(462)
PLAY(463)
PLAY(464)
WRITE(4004,BF)
WRITE(4006,1D)
WRITE(4007,02)
PLAY(465)
PLAY(466)
PLAY(467)
PLAY(468)
WRITE(4000,BF)
WRITE(4002,F1)
WRITE(4003,00)
WRITE(4008,BF)
WRITE(400A,8F)
WRITE(400B,00)
PLAY(469)
PLAY(470)
PLAY(471)
PLAY(472)
WRITE(4004,BF)
WRITE(4006,83)
WRITE(4007,02)
PLAY(473)
PLAY(474)
PLAY(475)
PLAY(476)
PLAY(477)
PLAY(478)
PLAY(479)
PLAY(480)
WRITE(4000,BF)
WRITE(4002,D6)
WRITE(4003,00)
WRITE(4004,BF)
WRITE(4006,D1)
WRITE(4007,02)
WRITE(4008,BF)
WRITE(400A,8F)
PLAY(481)
PLAY(482)
PLAY(483)
PLAY(484)
PLAY(485)
PLAY(486)
PLAY(487)
PLAY(488)
WRITE(4004,BF)
WRITE(4006,3D)
WRITE(4007,02)
PLAY(489)
PLAY(490)
PLAY(491)
PLAY(492)
PLAY(493)
PLAY(494)
PLAY(495)
PLAY(496)
WRITE(4004,BF)
WRITE(4006,E2)
WRITE(4007,01)
PLAY(497)
PLAY(498)
PLAY(499)
PLAY(500)
PLAY(501)
PLAY(502)
PLAY(503)
PLAY(504)
WRITE(4004,BF)
WRITE(4006,94)
WRITE(4007,01)
PLAY(505)
PLAY(506)
PLAY(507)
PLAY(508)
PLAY(509)
PLAY(510)
PLAY(511)
PLAY(512)
WRITE(4004,BF)
WRITE(4006,E2)
WRITE(4007,01)
PLAY(513)
PLAY(514)
PLAY(515)
PLAY(516)
PLAY(517)
PLAY(518)
PLAY(519)
PLAY(520)
WRITE(4004,BF)
WRITE(4006,3D)
WRITE(4007,02)
PLAY(521)
PLAY(522)
PLAY(523)
PLAY(524)
PLAY(525)
PLAY(526)
PLAY(527)
PLAY(528)
WRITE(4000,BF)
WRITE(4002,F1)
WRITE(4003,00)
WRITE(4004,BF)
WRITE(4006,D1)
WRITE(4007,02)
PLAY(529)
PLAY(530)
PLAY(531)
PLAY(532)
PLAY(533)
PLAY(534)
PLAY(535)
PLAY(536)
WRITE(4004,BF)
WRITE(4006,3D)
WRITE(4007,02)
PLAY(537)
PLAY(538)
PLAY(539)
PLAY(540)
PLAY(541)
PLAY(542)
PLAY(543)
PLAY(544)
WRITE(4004,BF)
WRITE(4006,E2)
WRITE(4007,01)
PLAY(545)
PLAY(546)
PLAY(547)
PLAY(548)
PLAY(549)
PLAY(550)
PLAY(551)
PLAY(552)
WRITE(4004,BF)
WRITE(4006,94)
WRITE(4007,01)
PLAY(553)
PLAY(554)
PLAY(555)
PLAY(556)
PLAY(557)
PLAY(558)
PLAY(559)
PLAY(560)
WRITE(4004,BF)
WRITE(4006,E2)
WRITE(4007,01)
PLAY(561)
PLAY(562)
PLAY(563)
PLAY(564)
PLAY(565)
PLAY(566)
PLAY(567)
PLAY(568)
WRITE(4004,BF)
WRITE(4006,3D)
WRITE(4007,02)
PLAY(569)
PLAY(570)
PLAY(571)
PLAY(572)
PLAY(573)
PLAY(574)
PLAY(575)
PLAY(576)
WRITE(4000,BF)
WRITE(4002,FF)
WRITE(4003,00)
WRITE(4004,BF)
WRITE(4006,83)
WRITE(4007,02)
WRITE(4008,BF)
WRITE(400A,AA)
WRITE(400B,00)
PLAY(577)
PLAY(578)
PLAY(579)
PLAY(580)
PLAY(581)
PLAY(582)
PLAY(583)
PLAY(584)
WRITE(4004,BF)
WRITE(4006,FE)
WRITE(4007,01)
PLAY(585)
PLAY(586)
PLAY(587)
PLAY(588)
PLAY(589)
PLAY(590)
PLAY(591)
PLAY(592)
WRITE(4004,BF)
WRITE(4006,AC)
WRITE(4007,01)
PLAY(593)
PLAY(594)
PLAY(595)
PLAY(596)
PLAY(597)
PLAY(598)
PLAY(599)
PLAY(600)
WRITE(4004,BF)
WRITE(4006,41)
WRITE(4007,01)
PLAY(601)
PLAY(602)
PLAY(603)
PLAY(604)
PLAY(605)
PLAY(606)
PLAY(607)
PLAY(608)
WRITE(4004,BF)
WRITE(4006,AC)
WRITE(4007,01)
PLAY(609)
PLAY(610)
PLAY(611)
PLAY(612)
PLAY(613)
PLAY(614)
PLAY(615)
PLAY(616)
WRITE(4004,BF)
WRITE(4006,FE)
WRITE(4007,01)
PLAY(617)
PLAY(618)
PLAY(619)
PLAY(620)
PLAY(621)
PLAY(622)
PLAY(623)
PLAY(624)
WRITE(4004,BF)
WRITE(4006,83)
WRITE(4007,02)
PLAY(625)
PLAY(626)
PLAY(627)
PLAY(628)
PLAY(629)
PLAY(630)
PLAY(631)
PLAY(632)
WRITE(4004,BF)
WRITE(4006,FE)
WRITE(4007,01)
PLAY(633)
PLAY(634)
PLAY(635)
PLAY(636)
PLAY(637)
PLAY(638)
PLAY(639)
PLAY(640)
WRITE(4004,BF)
WRITE(4006,AC)
WRITE(4007,01)
PLAY(641)
PLAY(642)
PLAY(643)
PLAY(644)
PLAY(645)
PLAY(646)
PLAY(647)
PLAY(648)
WRITE(4004,BF)
WRITE(4006,41)
WRITE(4007,01)
PLAY(649)
PLAY(650)
PLAY(651)
PLAY(652)
PLAY(653)
PLAY(654)
PLAY(655)
PLAY(656)
WRITE(4004,BF)
WRITE(4006,AC)
WRITE(4007,01)
PLAY(657)
PLAY(658)
PLAY(659)
PLAY(660)
PLAY(661)
PLAY(662)
PLAY(663)
PLAY(664)
WRITE(4004,BF)
WRITE(4006,FE)
WRITE(4007,01)
PLAY(665)
PLAY(666)
PLAY(667)
PLAY(668)
PLAY(669)
PLAY(670)
PLAY(671)
PLAY(672)
WRITE(4000,BF)
WRITE(4002,FF)
WRITE(4004,BF)
WRITE(4006,83)
WRITE(4007,02)
WRITE(4008,BF)
WRITE(400A,AA)
PLAY(673)
PLAY(674)
PLAY(675)
PLAY(676)
PLAY(677)
PLAY(678)
PLAY(679)
PLAY(680)
PLAY(681)
PLAY(682)
PLAY(683)
PLAY(684)
PLAY(685)
PLAY(686)
PLAY(687)
PLAY(688)
PLAY(689)
PLAY(690)
PLAY(691)
PLAY(692)
PLAY(693)
PLAY(694)
PLAY(695)
PLAY(696)
PLAY(697)
PLAY(698)
PLAY(699)
PLAY(700)
PLAY(701)
PLAY(702)
PLAY(703)
PLAY(704)
PLAY(705)
PLAY(706)
PLAY(707)
PLAY(708)
PLAY(709)
PLAY(710)
PLAY(711)
PLAY(712)
PLAY(713)
PLAY(714)
PLAY(715)
PLAY(716)
PLAY(717)
PLAY(718)
PLAY(719)
PLAY(720)
PLAY(721)
PLAY(722)
PLAY(723)
PLAY(724)
PLAY(725)
PLAY(726)
PLAY(727)
PLAY(728)
PLAY(729)
PLAY(730)
PLAY(731)
PLAY(732)
PLAY(733)
PLAY(734)
PLAY(735)
PLAY(736)
PLAY(737)
PLAY(738)
PLAY(739)
PLAY(740)
PLAY(741)
PLAY(742)
PLAY(743)
PLAY(744)
PLAY(745)
PLAY(746)
PLAY(747)
PLAY(748)
PLAY(749)
PLAY(750)
PLAY(751)
PLAY(752)
PLAY(753)
PLAY(754)
PLAY(755)
PLAY(756)
PLAY(757)
PLAY(758)
PLAY(759)
PLAY(760)
PLAY(761)
PLAY(762)
PLAY(763)
PLAY(764)
PLAY(765)
PLAY(766)
PLAY(767)
PLAY(768)
WRITE(4000,10)
WRITE(4002,00)
WRITE(4003,00)
WRITE(4004,10)
WRITE(4006,00)
WRITE(4007,00)
WRITE(4008,80)
WRITE(400A,00)
WRITE(400B,00)
PLAY(769)
PLAY(770)
PLAY(771)
PLAY(772)
PLAY(773)
PLAY(774)
PLAY(775)
PLAY(776)
PLAY(777)
PLAY(778)
PLAY(779)
PLAY(780)
PLAY(781)
PLAY(782)
PLAY(783)
PLAY(784)
PLAY(785)
PLAY(786)
PLAY(787)
PLAY(788)
PLAY(789)
PLAY(790)
PLAY(791)
PLAY(792)
PLAY(793)
PLAY(794)
PLAY(795)
PLAY(796)
PLAY(797)
PLAY(798)
PLAY(799)
PLAY(800)
PLAY(801)
PLAY(802)
PLAY(803)
PLAY(804)
PLAY(805)
PLAY(806)
PLAY(807)
PLAY(808)
PLAY(809)
PLAY(810)
PLAY(811)
PLAY(812)
PLAY(813)
PLAY(814)
PLAY(815)
PLAY(816)
PLAY(817)
PLAY(818)
PLAY(819)
PLAY(820)
PLAY(821)
PLAY(822)
PLAY(823)
PLAY(824)
PLAY(825)
PLAY(826)
PLAY(827)
PLAY(828)
PLAY(829)
PLAY(830)
PLAY(831)
PLAY(832)
PLAY(833)
PLAY(834)
PLAY(835)
PLAY(836)
PLAY(837)
PLAY(838)
PLAY(839)
PLAY(840)
PLAY(841)
PLAY(842)
PLAY(843)
PLAY(844)
PLAY(845)
PLAY(846)
PLAY(847)
PLAY(848)
PLAY(849)
PLAY(850)
PLAY(851)
PLAY(852)
PLAY(853)
PLAY(854)
PLAY(855)
PLAY(856)
PLAY(857)
PLAY(858)
PLAY(859)
PLAY(860)
PLAY(861)
PLAY(862)
PLAY(863)
PLAY(864)
PLAY(865)
PLAY(866)
PLAY(867)
PLAY(868)
PLAY(869)
PLAY(870)
PLAY(871)
PLAY(872)
PLAY(873)
PLAY(874)
PLAY(875)
PLAY(876)
PLAY(877)
PLAY(878)
PLAY(879)
PLAY(880)
PLAY(881)
PLAY(882)
PLAY(883)
PLAY(884)
PLAY(885)
PLAY(886)
PLAY(887)
PLAY(888)
PLAY(889)
PLAY(890)
PLAY(891)
PLAY(892)
PLAY(893)
PLAY(894)
PLAY(895)
PLAY(896)
PLAY(897)
PLAY(898)
PLAY(899)
PLAY(900)
PLAY(901)
PLAY(902)
PLAY(903)
PLAY(904)
PLAY(905)
PLAY(906)
PLAY(907)
PLAY(908)
PLAY(909)
PLAY(910)
PLAY(911)
PLAY(912)
PLAY(913)
PLAY(914)
PLAY(915)
PLAY(916)
PLAY(917)
PLAY(918)
PLAY(919)
PLAY(920)
PLAY(921)
PLAY(922)
PLAY(923)
PLAY(924)
PLAY(925)
PLAY(926)
PLAY(927)
PLAY(928)
PLAY(929)
PLAY(930)
PLAY(931)
PLAY(932)
PLAY(933)
PLAY(934)
PLAY(935)
PLAY(936)
PLAY(937)
PLAY(938)
PLAY(939)
PLAY(940)
PLAY(941)
PLAY(942)
PLAY(943)
PLAY(944)
PLAY(945)
PLAY(946)
PLAY(947)
PLAY(948)
PLAY(949)
PLAY(950)
PLAY(951)
PLAY(952)
PLAY(953)
PLAY(954)
PLAY(955)
PLAY(956)
PLAY(957)
PLAY(958)
PLAY(959)
PLAY(960)
PLAY(961)
PLAY(962)
PLAY(963)
PLAY(964)
PLAY(965)
PLAY(966)
PLAY(967)
PLAY(968)
PLAY(969)
PLAY(970)
PLAY(971)
PLAY(972)
PLAY(973)
PLAY(974)
PLAY(975)
PLAY(976)
PLAY(977)
PLAY(978)
PLAY(979)
PLAY(980)
PLAY(981)
PLAY(982)
PLAY(983)
PLAY(984)
PLAY(985)
PLAY(986)
PLAY(987)
PLAY(988)
PLAY(989)
PLAY(990)
PLAY(991)
PLAY(992)
PLAY(993)
PLAY(994)
PLAY(995)
PLAY(996)
PLAY(997)
PLAY(998)
PLAY(999)
PLAY(1000)
PLAY(1001)
PLAY(1002)
PLAY(1003)
PLAY(1004)
PLAY(1005)
PLAY(1006)
PLAY(1007)
PLAY(1008)
PLAY(1009)
PLAY(1010)
PLAY(1011)
PLAY(1012)
PLAY(1013)
PLAY(1014)
PLAY(1015)
PLAY(1016)
PLAY(1017)
PLAY(1018)
PLAY(1019)
PLAY(1020)
PLAY(1021)
PLAY(1022)
PLAY(1023)
PLAY(1024)
PLAY(1025)
PLAY(1026)
PLAY(1027)
PLAY(1028)
PLAY(1029)
PLAY(1030)
PLAY(1031)
PLAY(1032)
PLAY(1033)
PLAY(1034)
PLAY(1035)
PLAY(1036)
PLAY(1037)
PLAY(1038)
PLAY(1039)
PLAY(1040)
PLAY(1041)
PLAY(1042)
PLAY(1043)
PLAY(1044)
PLAY(1045)
PLAY(1046)
PLAY(1047)
PLAY(1048)
PLAY(1049)
PLAY(1050)
PLAY(1051)
PLAY(1052)
PLAY(1053)
PLAY(1054)
PLAY(1055)
PLAY(1056)
PLAY(1057)
PLAY(1058)
PLAY(1059)
PLAY(1060)
PLAY(1061)
PLAY(1062)
PLAY(1063)
PLAY(1064)
PLAY(1065)
PLAY(1066)
PLAY(1067)
PLAY(1068)
PLAY(1069)
PLAY(1070)
PLAY(1071)
PLAY(1072)
PLAY(1073)
PLAY(1074)
PLAY(1075)
PLAY(1076)
PLAY(1077)
PLAY(1078)
PLAY(1079)
PLAY(1080)
PLAY(1081)
PLAY(1082)
PLAY(1083)
PLAY(1084)
PLAY(1085)
PLAY(1086)
PLAY(1087)
PLAY(1088)
PLAY(1089)
PLAY(1090)
PLAY(1091)
PLAY(1092)
PLAY(1093)
PLAY(1094)
PLAY(1095)
PLAY(1096)
PLAY(1097)
PLAY(1098)
PLAY(1099)
PLAY(1100)
PLAY(1101)
PLAY(1102)
END()
